<?xml version="1.0" encoding="UTF-8"?>
<testng-results ignored="0" total="4" passed="4" failed="0" skipped="0">
  <reporter-output>
  </reporter-output>
  <suite started-at="2022-09-20T06:53:03 IST" name="Default suite" finished-at="2022-09-20T06:53:58 IST" duration-ms="55065">
    <groups>
    </groups>
    <test started-at="2022-09-20T06:53:03 IST" name="Default test" finished-at="2022-09-20T06:53:58 IST" duration-ms="55065">
      <class name="TestScenarios.TestSenarios_Signup">
        <test-method is-config="true" signature="beforetest()[pri:0, instance:TestScenarios.TestSenarios_Signup@3023df74]" started-at="2022-09-20T06:53:03 IST" name="beforetest" finished-at="2022-09-20T06:53:15 IST" duration-ms="11889" status="PASS">
          <reporter-output>
          </reporter-output>
        </test-method> <!-- beforetest -->
        <test-method signature="alert()[pri:0, instance:TestScenarios.TestSenarios_Signup@3023df74]" started-at="2022-09-20T06:53:15 IST" name="alert" finished-at="2022-09-20T06:53:15 IST" duration-ms="130" status="PASS">
          <reporter-output>
          </reporter-output>
        </test-method> <!-- alert -->
        <test-method signature="account()[pri:1, instance:TestScenarios.TestSenarios_Signup@3023df74]" started-at="2022-09-20T06:53:15 IST" name="account" finished-at="2022-09-20T06:53:20 IST" duration-ms="5164" status="PASS">
          <reporter-output>
          </reporter-output>
        </test-method> <!-- account -->
        <test-method signature="registeruser()[pri:2, instance:TestScenarios.TestSenarios_Signup@3023df74]" started-at="2022-09-20T06:53:20 IST" name="registeruser" finished-at="2022-09-20T06:53:32 IST" duration-ms="12031" status="PASS">
          <reporter-output>
          </reporter-output>
        </test-method> <!-- registeruser -->
        <test-method signature="selectitems()[pri:3, instance:TestScenarios.TestSenarios_Signup@3023df74]" started-at="2022-09-20T06:53:32 IST" name="selectitems" finished-at="2022-09-20T06:53:58 IST" duration-ms="25708" status="PASS">
          <reporter-output>
          </reporter-output>
        </test-method> <!-- selectitems -->
        <test-method is-config="true" signature="aftertest()[pri:0, instance:TestScenarios.TestSenarios_Signup@3023df74]" started-at="2022-09-20T06:53:58 IST" name="aftertest" finished-at="2022-09-20T06:53:58 IST" duration-ms="1" status="PASS">
          <reporter-output>
          </reporter-output>
        </test-method> <!-- aftertest -->
      </class> <!-- TestScenarios.TestSenarios_Signup -->
    </test> <!-- Default test -->
  </suite> <!-- Default suite -->
</testng-results>
