<?xml version="1.0" encoding="UTF-8"?>
<!-- Generated by org.testng.reporters.JUnitXMLReporter -->
<testsuite ignored="0" hostname="AWESOME" failures="0" tests="4" name="Default test" time="55.065" errors="0" timestamp="2022-09-20T06:53:58 IST">
  <testcase classname="TestScenarios.TestSenarios_Signup" name="alert" time="0.13"/>
  <testcase classname="TestScenarios.TestSenarios_Signup" name="account" time="5.164"/>
  <testcase classname="TestScenarios.TestSenarios_Signup" name="registeruser" time="12.031"/>
  <testcase classname="TestScenarios.TestSenarios_Signup" name="selectitems" time="25.708"/>
</testsuite> <!-- Default test -->
